Build started 1/7/2016 8:08:11 PM.
     1>Project "\\ELM-FILE01\citrixhome$\e0577578\Visual Studio 2013\Projects\SKETCHER2YOO\Sketcher\Sketcher.vcxproj" on node 2 (Build target(s)).
     1>ResourceCompile:
         C:\Program Files (x86)\Windows Kits\8.1\bin\x86\rc.exe /D _DEBUG /D _UNICODE /D UNICODE /D _AFXDLL /l"0x0409" /IDebug\ /nologo /fo"Debug\Sketcher.res" Sketcher.rc 
       Link:
         D:\Program Files\Microsoft Visual Studio 12.0\VC\bin\link.exe /ERRORREPORT:PROMPT /OUT:"\\ELM-FILE01\citrixhome$\e0577578\Visual Studio 2013\Projects\SKETCHER2YOO\Debug\Sketcher.exe" /INCREMENTAL /NOLOGO /MANIFEST /MANIFESTUAC:"level='asInvoker' uiAccess='false'" /manifest:embed /manifestinput:"D:\Program Files\Microsoft Visual Studio 12.0\VC\Include\Manifest\dpiaware.manifest" /DEBUG /PDB:"\\ELM-FILE01\citrixhome$\e0577578\Visual Studio 2013\Projects\SKETCHER2YOO\Debug\Sketcher.pdb" /SUBSYSTEM:WINDOWS /TLBID:1 /ENTRY:"wWinMainCRTStartup" /DYNAMICBASE /NXCOMPAT /IMPLIB:"\\ELM-FILE01\citrixhome$\e0577578\Visual Studio 2013\Projects\SKETCHER2YOO\Debug\Sketcher.lib" /MACHINE:X86 Debug\Sketcher.res
         Debug\ChildFrm.obj
         Debug\Circle.obj
         Debug\Curve.obj
         Debug\Element.obj
         Debug\Line.obj
         Debug\MainFrm.obj
         Debug\PenDialog.obj
         Debug\Rectangle.obj
         Debug\ScaleDialog.obj
         Debug\Sketcher.obj
         Debug\SketcherDoc.obj
         Debug\SketcherView.obj
         Debug\stdafx.obj
         Debug\Text.obj
         Debug\TextDialog.obj
         Sketcher.vcxproj -> \\ELM-FILE01\citrixhome$\e0577578\Visual Studio 2013\Projects\SKETCHER2YOO\Debug\Sketcher.exe
     1>Done Building Project "\\ELM-FILE01\citrixhome$\e0577578\Visual Studio 2013\Projects\SKETCHER2YOO\Sketcher\Sketcher.vcxproj" (Build target(s)).

Build succeeded.

Time Elapsed 00:00:03.70
